<?xml version="1.0" encoding="UTF-8"?>
<!-- Generated by org.testng.reporters.JUnitReportReporter -->
<testsuite skipped="0" hostname="DESKTOP-9JPVN8V" name="com.hepsiburada.test.selenium.hepsiburada.HepsiBuradaLoginTest" tests="1" failures="0" timestamp="2020-08-17T01:26:48 EET" time="60.213" errors="0">
  <testcase name="HepsiBurada_Login" time="60.213" classname="com.hepsiburada.test.selenium.hepsiburada.HepsiBuradaLoginTest"/>
  <system-out/>
</testsuite> <!-- com.hepsiburada.test.selenium.hepsiburada.HepsiBuradaLoginTest -->
